<?xml version="1.0" encoding="UTF-8"?>
<coverage generated="1646603378393" clover="3.2.0">
  <project timestamp="1646603378394" name="All files">
    <metrics statements="127" coveredstatements="126" conditionals="79" coveredconditionals="69" methods="20" coveredmethods="20" elements="226" coveredelements="215" complexity="0" loc="127" ncloc="127" packages="1" files="2" classes="2"/>
    <file name="linked_list.ts" path="/Users/ichang-u/Desktop/algorithm/practice-ts/src/linked-list/linked_list.ts">
      <metrics statements="119" coveredstatements="118" conditionals="79" coveredconditionals="69" methods="16" coveredmethods="16"/>
      <line num="1" count="1" type="stmt"/>
      <line num="20" count="1" type="stmt"/>
      <line num="21" count="1" type="stmt"/>
      <line num="24" count="6" type="stmt"/>
      <line num="28" count="3" type="stmt"/>
      <line num="29" count="3" type="stmt"/>
      <line num="30" count="3" type="stmt"/>
      <line num="31" count="7" type="stmt"/>
      <line num="32" count="7" type="cond" truecount="1" falsecount="0"/>
      <line num="33" count="4" type="stmt"/>
      <line num="35" count="7" type="stmt"/>
      <line num="37" count="3" type="stmt"/>
      <line num="38" count="3" type="stmt"/>
      <line num="42" count="12" type="stmt"/>
      <line num="45" count="3" type="cond" truecount="2" falsecount="0"/>
      <line num="48" count="3" type="stmt"/>
      <line num="49" count="3" type="stmt"/>
      <line num="50" count="3" type="cond" truecount="2" falsecount="0"/>
      <line num="51" count="5" type="stmt"/>
      <line num="52" count="5" type="stmt"/>
      <line num="55" count="3" type="cond" truecount="2" falsecount="0"/>
      <line num="58" count="2" type="stmt"/>
      <line num="59" count="2" type="stmt"/>
      <line num="60" count="2" type="stmt"/>
      <line num="61" count="2" type="cond" truecount="1" falsecount="0"/>
      <line num="62" count="2" type="stmt"/>
      <line num="65" count="2" type="stmt"/>
      <line num="69" count="3" type="stmt"/>
      <line num="70" count="3" type="cond" truecount="1" falsecount="0"/>
      <line num="71" count="2" type="stmt"/>
      <line num="72" count="2" type="stmt"/>
      <line num="74" count="2" type="stmt"/>
      <line num="76" count="1" type="stmt"/>
      <line num="79" count="5" type="stmt"/>
      <line num="80" count="5" type="stmt"/>
      <line num="81" count="5" type="stmt"/>
      <line num="83" count="5" type="cond" truecount="1" falsecount="0"/>
      <line num="84" count="1" type="stmt"/>
      <line num="85" count="1" type="stmt"/>
      <line num="88" count="4" type="cond" truecount="3" falsecount="1"/>
      <line num="89" count="3" type="stmt"/>
      <line num="91" count="4" type="cond" truecount="3" falsecount="1"/>
      <line num="95" count="4" type="stmt"/>
      <line num="96" count="4" type="stmt"/>
      <line num="97" count="4" type="cond" truecount="1" falsecount="0"/>
      <line num="98" count="3" type="stmt"/>
      <line num="101" count="4" type="cond" truecount="4" falsecount="0"/>
      <line num="102" count="4" type="stmt"/>
      <line num="103" count="4" type="stmt"/>
      <line num="105" count="4" type="cond" truecount="2" falsecount="0"/>
      <line num="106" count="2" type="cond" truecount="3" falsecount="1"/>
      <line num="108" count="2" type="stmt"/>
      <line num="111" count="4" type="cond" truecount="2" falsecount="0"/>
      <line num="115" count="6" type="stmt"/>
      <line num="116" count="6" type="cond" truecount="1" falsecount="0"/>
      <line num="117" count="1" type="stmt"/>
      <line num="119" count="5" type="stmt"/>
      <line num="123" count="4" type="stmt"/>
      <line num="125" count="4" type="cond" truecount="4" falsecount="0"/>
      <line num="126" count="4" type="stmt"/>
      <line num="129" count="4" type="cond" truecount="2" falsecount="0"/>
      <line num="133" count="4" type="stmt"/>
      <line num="134" count="4" type="stmt"/>
      <line num="135" count="4" type="stmt"/>
      <line num="136" count="4" type="stmt"/>
      <line num="138" count="4" type="cond" truecount="1" falsecount="0"/>
      <line num="139" count="1" type="stmt"/>
      <line num="140" count="1" type="stmt"/>
      <line num="141" count="1" type="stmt"/>
      <line num="144" count="3" type="stmt"/>
      <line num="145" count="3" type="cond" truecount="2" falsecount="0"/>
      <line num="146" count="3" type="stmt"/>
      <line num="147" count="3" type="stmt"/>
      <line num="148" count="3" type="stmt"/>
      <line num="151" count="3" type="cond" truecount="2" falsecount="0"/>
      <line num="153" count="1" type="cond" truecount="1" falsecount="0"/>
      <line num="154" count="1" type="cond" truecount="3" falsecount="1"/>
      <line num="157" count="2" type="cond" truecount="2" falsecount="0"/>
      <line num="158" count="1" type="stmt"/>
      <line num="159" count="1" type="stmt"/>
      <line num="161" count="1" type="stmt"/>
      <line num="162" count="1" type="stmt"/>
      <line num="168" count="3" type="stmt"/>
      <line num="169" count="3" type="stmt"/>
      <line num="170" count="3" type="stmt"/>
      <line num="171" count="3" type="cond" truecount="0" falsecount="1"/>
      <line num="172" count="0" type="stmt"/>
      <line num="175" count="3" type="stmt"/>
      <line num="176" count="100" type="stmt"/>
      <line num="177" count="100" type="cond" truecount="4" falsecount="1"/>
      <line num="178" count="2" type="stmt"/>
      <line num="179" count="2" type="stmt"/>
      <line num="183" count="3" type="cond" truecount="5" falsecount="1"/>
      <line num="184" count="2" type="cond" truecount="2" falsecount="0"/>
      <line num="185" count="1" type="cond" truecount="3" falsecount="1"/>
      <line num="187" count="1" type="stmt"/>
      <line num="191" count="1" type="cond" truecount="3" falsecount="1"/>
      <line num="194" count="3" type="stmt"/>
      <line num="198" count="1" type="stmt"/>
      <line num="199" count="1" type="stmt"/>
      <line num="200" count="1" type="stmt"/>
      <line num="203" count="1" type="stmt"/>
      <line num="206" count="2" type="stmt"/>
      <line num="207" count="2" type="stmt"/>
      <line num="208" count="2" type="stmt"/>
      <line num="209" count="2" type="stmt"/>
      <line num="211" count="1" type="stmt"/>
      <line num="215" count="2" type="stmt"/>
      <line num="216" count="2" type="stmt"/>
      <line num="218" count="2" type="stmt"/>
      <line num="219" count="4" type="cond" truecount="4" falsecount="1"/>
      <line num="220" count="2" type="stmt"/>
      <line num="221" count="2" type="cond" truecount="2" falsecount="0"/>
      <line num="222" count="1" type="stmt"/>
      <line num="224" count="1" type="stmt"/>
      <line num="226" count="2" type="stmt"/>
      <line num="228" count="2" type="stmt"/>
      <line num="229" count="2" type="stmt"/>
      <line num="234" count="1" type="stmt"/>
    </file>
    <file name="node.ts" path="/Users/ichang-u/Desktop/algorithm/practice-ts/src/linked-list/node.ts">
      <metrics statements="8" coveredstatements="8" conditionals="0" coveredconditionals="0" methods="4" coveredmethods="4"/>
      <line num="1" count="1" type="stmt"/>
      <line num="2" count="13" type="stmt"/>
      <line num="3" count="13" type="stmt"/>
      <line num="5" count="13" type="stmt"/>
      <line num="6" count="13" type="stmt"/>
      <line num="9" count="28" type="stmt"/>
      <line num="12" count="169" type="stmt"/>
      <line num="15" count="17" type="stmt"/>
    </file>
  </project>
</coverage>
