{"/Users/ichang-u/Desktop/algorithm/practice-ts/src/linked-list/linked_list.ts": {"path":"/Users/ichang-u/Desktop/algorithm/practice-ts/src/linked-list/linked_list.ts","statementMap":{"0":{"start":{"line":1,"column":0},"end":{"line":1,"column":30}},"1":{"start":{"line":20,"column":2},"end":{"line":20,"column":31}},"2":{"start":{"line":21,"column":2},"end":{"line":21,"column":20}},"3":{"start":{"line":24,"column":4},"end":{"line":24,"column":22}},"4":{"start":{"line":28,"column":18},"end":{"line":28,"column":28}},"5":{"start":{"line":29,"column":14},"end":{"line":29,"column":18}},"6":{"start":{"line":30,"column":4},"end":{"line":36,"column":null}},"7":{"start":{"line":31,"column":6},"end":{"line":31,"column":31}},"8":{"start":{"line":32,"column":6},"end":{"line":34,"column":null}},"9":{"start":{"line":33,"column":8},"end":{"line":33,"column":22}},"10":{"start":{"line":35,"column":6},"end":{"line":35,"column":34}},"11":{"start":{"line":37,"column":4},"end":{"line":37,"column":16}},"12":{"start":{"line":38,"column":4},"end":{"line":38,"column":15}},"13":{"start":{"line":42,"column":4},"end":{"line":42,"column":22}},"14":{"start":{"line":45,"column":4},"end":{"line":45,"column":43}},"15":{"start":{"line":48,"column":18},"end":{"line":48,"column":28}},"16":{"start":{"line":49,"column":16},"end":{"line":49,"column":17}},"17":{"start":{"line":50,"column":4},"end":{"line":53,"column":null}},"18":{"start":{"line":51,"column":6},"end":{"line":51,"column":14}},"19":{"start":{"line":52,"column":6},"end":{"line":52,"column":34}},"20":{"start":{"line":55,"column":4},"end":{"line":55,"column":46}},"21":{"start":{"line":58,"column":20},"end":{"line":58,"column":30}},"22":{"start":{"line":59,"column":17},"end":{"line":59,"column":32}},"23":{"start":{"line":60,"column":4},"end":{"line":60,"column":23}},"24":{"start":{"line":61,"column":4},"end":{"line":63,"column":null}},"25":{"start":{"line":62,"column":6},"end":{"line":62,"column":28}},"26":{"start":{"line":65,"column":4},"end":{"line":65,"column":20}},"27":{"start":{"line":69,"column":20},"end":{"line":69,"column":30}},"28":{"start":{"line":70,"column":4},"end":{"line":75,"column":null}},"29":{"start":{"line":71,"column":6},"end":{"line":71,"column":22}},"30":{"start":{"line":72,"column":6},"end":{"line":72,"column":38}},"31":{"start":{"line":74,"column":6},"end":{"line":74,"column":31}},"32":{"start":{"line":76,"column":4},"end":{"line":76,"column":16}},"33":{"start":{"line":79,"column":17},"end":{"line":79,"column":32}},"34":{"start":{"line":80,"column":18},"end":{"line":80,"column":28}},"35":{"start":{"line":81,"column":4},"end":{"line":81,"column":20}},"36":{"start":{"line":83,"column":4},"end":{"line":86,"column":null}},"37":{"start":{"line":84,"column":6},"end":{"line":84,"column":25}},"38":{"start":{"line":85,"column":6},"end":{"line":85,"column":13}},"39":{"start":{"line":88,"column":4},"end":{"line":90,"column":null}},"40":{"start":{"line":89,"column":6},"end":{"line":89,"column":34}},"41":{"start":{"line":91,"column":4},"end":{"line":91,"column":27}},"42":{"start":{"line":95,"column":18},"end":{"line":95,"column":28}},"43":{"start":{"line":96,"column":31},"end":{"line":96,"column":35}},"44":{"start":{"line":97,"column":4},"end":{"line":99,"column":null}},"45":{"start":{"line":98,"column":6},"end":{"line":98,"column":22}},"46":{"start":{"line":101,"column":4},"end":{"line":104,"column":null}},"47":{"start":{"line":102,"column":6},"end":{"line":102,"column":21}},"48":{"start":{"line":103,"column":6},"end":{"line":103,"column":34}},"49":{"start":{"line":105,"column":4},"end":{"line":109,"column":null}},"50":{"start":{"line":106,"column":6},"end":{"line":106,"column":26}},"51":{"start":{"line":108,"column":6},"end":{"line":108,"column":24}},"52":{"start":{"line":111,"column":4},"end":{"line":111,"column":46}},"53":{"start":{"line":115,"column":20},"end":{"line":115,"column":30}},"54":{"start":{"line":116,"column":4},"end":{"line":118,"column":null}},"55":{"start":{"line":117,"column":6},"end":{"line":117,"column":18}},"56":{"start":{"line":119,"column":4},"end":{"line":119,"column":29}},"57":{"start":{"line":123,"column":18},"end":{"line":123,"column":28}},"58":{"start":{"line":125,"column":4},"end":{"line":127,"column":null}},"59":{"start":{"line":126,"column":6},"end":{"line":126,"column":34}},"60":{"start":{"line":129,"column":4},"end":{"line":129,"column":46}},"61":{"start":{"line":133,"column":17},"end":{"line":133,"column":32}},"62":{"start":{"line":134,"column":18},"end":{"line":134,"column":28}},"63":{"start":{"line":135,"column":31},"end":{"line":135,"column":35}},"64":{"start":{"line":136,"column":16},"end":{"line":136,"column":17}},"65":{"start":{"line":138,"column":4},"end":{"line":142,"column":null}},"66":{"start":{"line":139,"column":6},"end":{"line":139,"column":24}},"67":{"start":{"line":140,"column":6},"end":{"line":140,"column":22}},"68":{"start":{"line":141,"column":6},"end":{"line":141,"column":13}},"69":{"start":{"line":144,"column":4},"end":{"line":144,"column":20}},"70":{"start":{"line":145,"column":4},"end":{"line":149,"column":null}},"71":{"start":{"line":146,"column":6},"end":{"line":146,"column":14}},"72":{"start":{"line":147,"column":6},"end":{"line":147,"column":21}},"73":{"start":{"line":148,"column":6},"end":{"line":148,"column":34}},"74":{"start":{"line":151,"column":4},"end":{"line":164,"column":null}},"75":{"start":{"line":153,"column":6},"end":{"line":155,"column":null}},"76":{"start":{"line":154,"column":8},"end":{"line":154,"column":28}},"77":{"start":{"line":157,"column":6},"end":{"line":163,"column":null}},"78":{"start":{"line":158,"column":8},"end":{"line":158,"column":27}},"79":{"start":{"line":159,"column":8},"end":{"line":159,"column":30}},"80":{"start":{"line":161,"column":8},"end":{"line":161,"column":30}},"81":{"start":{"line":162,"column":8},"end":{"line":162,"column":26}},"82":{"start":{"line":168,"column":18},"end":{"line":168,"column":28}},"83":{"start":{"line":169,"column":31},"end":{"line":169,"column":35}},"84":{"start":{"line":170,"column":16},"end":{"line":170,"column":17}},"85":{"start":{"line":171,"column":4},"end":{"line":173,"column":null}},"86":{"start":{"line":172,"column":6},"end":{"line":172,"column":13}},"87":{"start":{"line":175,"column":4},"end":{"line":181,"column":null}},"88":{"start":{"line":176,"column":6},"end":{"line":176,"column":14}},"89":{"start":{"line":177,"column":6},"end":{"line":180,"column":null}},"90":{"start":{"line":178,"column":8},"end":{"line":178,"column":23}},"91":{"start":{"line":179,"column":8},"end":{"line":179,"column":36}},"92":{"start":{"line":183,"column":4},"end":{"line":192,"column":null}},"93":{"start":{"line":184,"column":6},"end":{"line":188,"column":null}},"94":{"start":{"line":185,"column":8},"end":{"line":185,"column":41}},"95":{"start":{"line":187,"column":8},"end":{"line":187,"column":39}},"96":{"start":{"line":191,"column":6},"end":{"line":191,"column":26}},"97":{"start":{"line":194,"column":4},"end":{"line":194,"column":20}},"98":{"start":{"line":198,"column":18},"end":{"line":198,"column":28}},"99":{"start":{"line":199,"column":31},"end":{"line":199,"column":35}},"100":{"start":{"line":200,"column":34},"end":{"line":200,"column":38}},"101":{"start":{"line":203,"column":4},"end":{"line":210,"column":null}},"102":{"start":{"line":206,"column":6},"end":{"line":206,"column":41}},"103":{"start":{"line":207,"column":6},"end":{"line":207,"column":34}},"104":{"start":{"line":208,"column":6},"end":{"line":208,"column":28}},"105":{"start":{"line":209,"column":6},"end":{"line":209,"column":21}},"106":{"start":{"line":211,"column":4},"end":{"line":211,"column":25}},"107":{"start":{"line":215,"column":18},"end":{"line":215,"column":28}},"108":{"start":{"line":216,"column":31},"end":{"line":216,"column":35}},"109":{"start":{"line":218,"column":4},"end":{"line":230,"column":null}},"110":{"start":{"line":219,"column":6},"end":{"line":227,"column":null}},"111":{"start":{"line":220,"column":8},"end":{"line":220,"column":24}},"112":{"start":{"line":221,"column":8},"end":{"line":225,"column":null}},"113":{"start":{"line":222,"column":10},"end":{"line":222,"column":42}},"114":{"start":{"line":224,"column":10},"end":{"line":224,"column":42}},"115":{"start":{"line":226,"column":8},"end":{"line":226,"column":14}},"116":{"start":{"line":228,"column":6},"end":{"line":228,"column":21}},"117":{"start":{"line":229,"column":6},"end":{"line":229,"column":34}},"118":{"start":{"line":234,"column":0},"end":{"line":234,"column":26}}},"fnMap":{"0":{"name":"(anonymous_2)","decl":{"start":{"line":19,"column":0},"end":{"line":19,"column":6}},"loc":{"start":{"line":19,"column":0},"end":{"line":232,"column":1}}},"1":{"name":"(anonymous_3)","decl":{"start":{"line":23,"column":2},"end":{"line":23,"column":9}},"loc":{"start":{"line":23,"column":30},"end":{"line":25,"column":3}}},"2":{"name":"(anonymous_4)","decl":{"start":{"line":27,"column":2},"end":{"line":27,"column":8}},"loc":{"start":{"line":27,"column":8},"end":{"line":39,"column":3}}},"3":{"name":"(anonymous_5)","decl":{"start":{"line":41,"column":2},"end":{"line":41,"column":6}},"loc":{"start":{"line":41,"column":6},"end":{"line":43,"column":3}}},"4":{"name":"(anonymous_6)","decl":{"start":{"line":44,"column":2},"end":{"line":44,"column":7}},"loc":{"start":{"line":44,"column":7},"end":{"line":46,"column":3}}},"5":{"name":"(anonymous_7)","decl":{"start":{"line":47,"column":2},"end":{"line":47,"column":9}},"loc":{"start":{"line":47,"column":23},"end":{"line":56,"column":3}}},"6":{"name":"(anonymous_8)","decl":{"start":{"line":57,"column":2},"end":{"line":57,"column":11}},"loc":{"start":{"line":57,"column":20},"end":{"line":66,"column":3}}},"7":{"name":"(anonymous_9)","decl":{"start":{"line":68,"column":2},"end":{"line":68,"column":10}},"loc":{"start":{"line":68,"column":10},"end":{"line":77,"column":3}}},"8":{"name":"(anonymous_10)","decl":{"start":{"line":78,"column":2},"end":{"line":78,"column":10}},"loc":{"start":{"line":78,"column":19},"end":{"line":92,"column":3}}},"9":{"name":"(anonymous_11)","decl":{"start":{"line":94,"column":2},"end":{"line":94,"column":9}},"loc":{"start":{"line":94,"column":9},"end":{"line":112,"column":3}}},"10":{"name":"(anonymous_12)","decl":{"start":{"line":114,"column":2},"end":{"line":114,"column":7}},"loc":{"start":{"line":114,"column":7},"end":{"line":120,"column":3}}},"11":{"name":"(anonymous_13)","decl":{"start":{"line":122,"column":2},"end":{"line":122,"column":6}},"loc":{"start":{"line":122,"column":6},"end":{"line":130,"column":3}}},"12":{"name":"(anonymous_14)","decl":{"start":{"line":132,"column":2},"end":{"line":132,"column":8}},"loc":{"start":{"line":132,"column":32},"end":{"line":165,"column":3}}},"13":{"name":"(anonymous_15)","decl":{"start":{"line":167,"column":2},"end":{"line":167,"column":7}},"loc":{"start":{"line":167,"column":21},"end":{"line":195,"column":3}}},"14":{"name":"(anonymous_16)","decl":{"start":{"line":197,"column":2},"end":{"line":197,"column":9}},"loc":{"start":{"line":197,"column":9},"end":{"line":212,"column":3}}},"15":{"name":"(anonymous_17)","decl":{"start":{"line":214,"column":2},"end":{"line":214,"column":13}},"loc":{"start":{"line":214,"column":22},"end":{"line":231,"column":3}}}},"branchMap":{"0":{"loc":{"start":{"line":32,"column":6},"end":{"line":34,"column":null}},"type":"if","locations":[{"start":{"line":32,"column":6},"end":{"line":34,"column":null}}]},"1":{"loc":{"start":{"line":45,"column":11},"end":{"line":45,"column":42}},"type":"cond-expr","locations":[{"start":{"line":45,"column":30},"end":{"line":45,"column":34}},{"start":{"line":45,"column":37},"end":{"line":45,"column":42}}]},"2":{"loc":{"start":{"line":50,"column":11},"end":{"line":50,"column":35}},"type":"binary-expr","locations":[{"start":{"line":50,"column":11},"end":{"line":50,"column":18}},{"start":{"line":50,"column":22},"end":{"line":50,"column":35}}]},"3":{"loc":{"start":{"line":55,"column":11},"end":{"line":55,"column":45}},"type":"cond-expr","locations":[{"start":{"line":55,"column":21},"end":{"line":55,"column":38}},{"start":{"line":55,"column":41},"end":{"line":55,"column":45}}]},"4":{"loc":{"start":{"line":61,"column":4},"end":{"line":63,"column":null}},"type":"if","locations":[{"start":{"line":61,"column":4},"end":{"line":63,"column":null}}]},"5":{"loc":{"start":{"line":70,"column":4},"end":{"line":75,"column":null}},"type":"if","locations":[{"start":{"line":70,"column":4},"end":{"line":75,"column":null}}]},"6":{"loc":{"start":{"line":83,"column":4},"end":{"line":86,"column":null}},"type":"if","locations":[{"start":{"line":83,"column":4},"end":{"line":86,"column":null}}]},"7":{"loc":{"start":{"line":88,"column":11},"end":{"line":88,"column":29}},"type":"cond-expr","locations":[{"start":{"line":88,"column":18},"end":{"line":88,"column":20}},{"start":{"line":88,"column":11},"end":{"line":88,"column":29}}]},"8":{"loc":{"start":{"line":88,"column":11},"end":{"line":88,"column":20}},"type":"binary-expr","locations":[{"start":{"line":88,"column":11},"end":{"line":88,"column":20}},{"start":{"line":88,"column":11},"end":{"line":88,"column":20}}]},"9":{"loc":{"start":{"line":91,"column":4},"end":{"line":91,"column":26}},"type":"cond-expr","locations":[{"start":{"line":91,"column":11},"end":{"line":91,"column":13}},{"start":{"line":91,"column":4},"end":{"line":91,"column":26}}]},"10":{"loc":{"start":{"line":91,"column":4},"end":{"line":91,"column":13}},"type":"binary-expr","locations":[{"start":{"line":91,"column":4},"end":{"line":91,"column":13}},{"start":{"line":91,"column":4},"end":{"line":91,"column":13}}]},"11":{"loc":{"start":{"line":97,"column":4},"end":{"line":99,"column":null}},"type":"if","locations":[{"start":{"line":97,"column":4},"end":{"line":99,"column":null}}]},"12":{"loc":{"start":{"line":101,"column":11},"end":{"line":101,"column":29}},"type":"cond-expr","locations":[{"start":{"line":101,"column":18},"end":{"line":101,"column":20}},{"start":{"line":101,"column":11},"end":{"line":101,"column":29}}]},"13":{"loc":{"start":{"line":101,"column":11},"end":{"line":101,"column":20}},"type":"binary-expr","locations":[{"start":{"line":101,"column":11},"end":{"line":101,"column":20}},{"start":{"line":101,"column":11},"end":{"line":101,"column":20}}]},"14":{"loc":{"start":{"line":105,"column":4},"end":{"line":109,"column":null}},"type":"if","locations":[{"start":{"line":105,"column":4},"end":{"line":109,"column":null}},{"start":{"line":107,"column":11},"end":{"line":109,"column":null}}]},"15":{"loc":{"start":{"line":106,"column":6},"end":{"line":106,"column":25}},"type":"cond-expr","locations":[{"start":{"line":106,"column":10},"end":{"line":106,"column":12}},{"start":{"line":106,"column":6},"end":{"line":106,"column":25}}]},"16":{"loc":{"start":{"line":106,"column":6},"end":{"line":106,"column":12}},"type":"binary-expr","locations":[{"start":{"line":106,"column":6},"end":{"line":106,"column":12}},{"start":{"line":106,"column":6},"end":{"line":106,"column":12}}]},"17":{"loc":{"start":{"line":111,"column":11},"end":{"line":111,"column":45}},"type":"cond-expr","locations":[{"start":{"line":111,"column":21},"end":{"line":111,"column":38}},{"start":{"line":111,"column":41},"end":{"line":111,"column":45}}]},"18":{"loc":{"start":{"line":116,"column":4},"end":{"line":118,"column":null}},"type":"if","locations":[{"start":{"line":116,"column":4},"end":{"line":118,"column":null}}]},"19":{"loc":{"start":{"line":125,"column":11},"end":{"line":125,"column":29}},"type":"cond-expr","locations":[{"start":{"line":125,"column":18},"end":{"line":125,"column":20}},{"start":{"line":125,"column":11},"end":{"line":125,"column":29}}]},"20":{"loc":{"start":{"line":125,"column":11},"end":{"line":125,"column":20}},"type":"binary-expr","locations":[{"start":{"line":125,"column":11},"end":{"line":125,"column":20}},{"start":{"line":125,"column":11},"end":{"line":125,"column":20}}]},"21":{"loc":{"start":{"line":129,"column":11},"end":{"line":129,"column":45}},"type":"cond-expr","locations":[{"start":{"line":129,"column":21},"end":{"line":129,"column":38}},{"start":{"line":129,"column":41},"end":{"line":129,"column":45}}]},"22":{"loc":{"start":{"line":138,"column":4},"end":{"line":142,"column":null}},"type":"if","locations":[{"start":{"line":138,"column":4},"end":{"line":142,"column":null}}]},"23":{"loc":{"start":{"line":145,"column":11},"end":{"line":145,"column":35}},"type":"binary-expr","locations":[{"start":{"line":145,"column":11},"end":{"line":145,"column":24}},{"start":{"line":145,"column":28},"end":{"line":145,"column":35}}]},"24":{"loc":{"start":{"line":151,"column":4},"end":{"line":164,"column":null}},"type":"if","locations":[{"start":{"line":151,"column":4},"end":{"line":164,"column":null}},{"start":{"line":156,"column":11},"end":{"line":164,"column":null}}]},"25":{"loc":{"start":{"line":153,"column":6},"end":{"line":155,"column":null}},"type":"if","locations":[{"start":{"line":153,"column":6},"end":{"line":155,"column":null}}]},"26":{"loc":{"start":{"line":154,"column":8},"end":{"line":154,"column":27}},"type":"cond-expr","locations":[{"start":{"line":154,"column":12},"end":{"line":154,"column":14}},{"start":{"line":154,"column":8},"end":{"line":154,"column":27}}]},"27":{"loc":{"start":{"line":154,"column":8},"end":{"line":154,"column":14}},"type":"binary-expr","locations":[{"start":{"line":154,"column":8},"end":{"line":154,"column":14}},{"start":{"line":154,"column":8},"end":{"line":154,"column":14}}]},"28":{"loc":{"start":{"line":157,"column":6},"end":{"line":163,"column":null}},"type":"if","locations":[{"start":{"line":157,"column":6},"end":{"line":163,"column":null}},{"start":{"line":160,"column":13},"end":{"line":163,"column":null}}]},"29":{"loc":{"start":{"line":171,"column":4},"end":{"line":173,"column":null}},"type":"if","locations":[{"start":{"line":171,"column":4},"end":{"line":173,"column":null}}]},"30":{"loc":{"start":{"line":177,"column":6},"end":{"line":180,"column":null}},"type":"if","locations":[{"start":{"line":177,"column":6},"end":{"line":180,"column":null}}]},"31":{"loc":{"start":{"line":177,"column":10},"end":{"line":177,"column":28}},"type":"cond-expr","locations":[{"start":{"line":177,"column":17},"end":{"line":177,"column":19}},{"start":{"line":177,"column":10},"end":{"line":177,"column":28}}]},"32":{"loc":{"start":{"line":177,"column":10},"end":{"line":177,"column":19}},"type":"binary-expr","locations":[{"start":{"line":177,"column":10},"end":{"line":177,"column":19}},{"start":{"line":177,"column":10},"end":{"line":177,"column":19}}]},"33":{"loc":{"start":{"line":183,"column":4},"end":{"line":192,"column":null}},"type":"if","locations":[{"start":{"line":183,"column":4},"end":{"line":192,"column":null}},{"start":{"line":190,"column":11},"end":{"line":192,"column":null}}]},"34":{"loc":{"start":{"line":183,"column":8},"end":{"line":183,"column":26}},"type":"cond-expr","locations":[{"start":{"line":183,"column":15},"end":{"line":183,"column":17}},{"start":{"line":183,"column":8},"end":{"line":183,"column":26}}]},"35":{"loc":{"start":{"line":183,"column":8},"end":{"line":183,"column":17}},"type":"binary-expr","locations":[{"start":{"line":183,"column":8},"end":{"line":183,"column":17}},{"start":{"line":183,"column":8},"end":{"line":183,"column":17}}]},"36":{"loc":{"start":{"line":184,"column":6},"end":{"line":188,"column":null}},"type":"if","locations":[{"start":{"line":184,"column":6},"end":{"line":188,"column":null}},{"start":{"line":186,"column":13},"end":{"line":188,"column":null}}]},"37":{"loc":{"start":{"line":185,"column":21},"end":{"line":185,"column":39}},"type":"cond-expr","locations":[{"start":{"line":185,"column":28},"end":{"line":185,"column":30}},{"start":{"line":185,"column":21},"end":{"line":185,"column":39}}]},"38":{"loc":{"start":{"line":185,"column":21},"end":{"line":185,"column":30}},"type":"binary-expr","locations":[{"start":{"line":185,"column":21},"end":{"line":185,"column":30}},{"start":{"line":185,"column":21},"end":{"line":185,"column":30}}]},"39":{"loc":{"start":{"line":191,"column":6},"end":{"line":191,"column":25}},"type":"cond-expr","locations":[{"start":{"line":191,"column":10},"end":{"line":191,"column":12}},{"start":{"line":191,"column":6},"end":{"line":191,"column":25}}]},"40":{"loc":{"start":{"line":191,"column":6},"end":{"line":191,"column":12}},"type":"binary-expr","locations":[{"start":{"line":191,"column":6},"end":{"line":191,"column":12}},{"start":{"line":191,"column":6},"end":{"line":191,"column":12}}]},"41":{"loc":{"start":{"line":219,"column":6},"end":{"line":227,"column":null}},"type":"if","locations":[{"start":{"line":219,"column":6},"end":{"line":227,"column":null}}]},"42":{"loc":{"start":{"line":219,"column":10},"end":{"line":219,"column":28}},"type":"cond-expr","locations":[{"start":{"line":219,"column":17},"end":{"line":219,"column":19}},{"start":{"line":219,"column":10},"end":{"line":219,"column":28}}]},"43":{"loc":{"start":{"line":219,"column":10},"end":{"line":219,"column":19}},"type":"binary-expr","locations":[{"start":{"line":219,"column":10},"end":{"line":219,"column":19}},{"start":{"line":219,"column":10},"end":{"line":219,"column":19}}]},"44":{"loc":{"start":{"line":221,"column":8},"end":{"line":225,"column":null}},"type":"if","locations":[{"start":{"line":221,"column":8},"end":{"line":225,"column":null}},{"start":{"line":223,"column":15},"end":{"line":225,"column":null}}]}},"s":{"0":1,"1":1,"2":1,"3":6,"4":3,"5":3,"6":3,"7":7,"8":7,"9":4,"10":7,"11":3,"12":3,"13":12,"14":3,"15":3,"16":3,"17":3,"18":5,"19":5,"20":3,"21":2,"22":2,"23":2,"24":2,"25":2,"26":2,"27":3,"28":3,"29":2,"30":2,"31":2,"32":1,"33":5,"34":5,"35":5,"36":5,"37":1,"38":1,"39":4,"40":3,"41":4,"42":4,"43":4,"44":4,"45":3,"46":4,"47":4,"48":4,"49":4,"50":2,"51":2,"52":4,"53":6,"54":6,"55":1,"56":5,"57":4,"58":4,"59":4,"60":4,"61":4,"62":4,"63":4,"64":4,"65":4,"66":1,"67":1,"68":1,"69":3,"70":3,"71":3,"72":3,"73":3,"74":3,"75":1,"76":1,"77":2,"78":1,"79":1,"80":1,"81":1,"82":3,"83":3,"84":3,"85":3,"86":0,"87":3,"88":100,"89":100,"90":2,"91":2,"92":3,"93":2,"94":1,"95":1,"96":1,"97":3,"98":1,"99":1,"100":1,"101":1,"102":2,"103":2,"104":2,"105":2,"106":1,"107":2,"108":2,"109":2,"110":4,"111":2,"112":2,"113":1,"114":1,"115":2,"116":2,"117":2,"118":1},"f":{"0":1,"1":6,"2":3,"3":12,"4":3,"5":3,"6":2,"7":3,"8":5,"9":4,"10":6,"11":4,"12":4,"13":3,"14":1,"15":2},"b":{"0":[4],"1":[2,1],"2":[8,7],"3":[2,1],"4":[2],"5":[2],"6":[1],"7":[0,7],"8":[7,7],"9":[0,4],"10":[4,4],"11":[3],"12":[1,7],"13":[8,7],"14":[2,2],"15":[0,2],"16":[2,2],"17":[3,1],"18":[1],"19":[1,7],"20":[8,7],"21":[3,1],"22":[1],"23":[6,4],"24":[1,2],"25":[1],"26":[0,1],"27":[1,1],"28":[1,1],"29":[0],"30":[2],"31":[0,100],"32":[100,100],"33":[2,1],"34":[0,3],"35":[3,3],"36":[1,1],"37":[0,1],"38":[1,1],"39":[0,1],"40":[1,1],"41":[2],"42":[0,4],"43":[4,4],"44":[1,1]}}
,"/Users/ichang-u/Desktop/algorithm/practice-ts/src/linked-list/node.ts": {"path":"/Users/ichang-u/Desktop/algorithm/practice-ts/src/linked-list/node.ts","statementMap":{"0":{"start":{"line":2,"column":2},"end":{"line":2,"column":11}},"1":{"start":{"line":3,"column":2},"end":{"line":3,"column":24}},"2":{"start":{"line":5,"column":4},"end":{"line":5,"column":22}},"3":{"start":{"line":6,"column":4},"end":{"line":6,"column":22}},"4":{"start":{"line":9,"column":4},"end":{"line":9,"column":22}},"5":{"start":{"line":12,"column":4},"end":{"line":12,"column":22}},"6":{"start":{"line":15,"column":4},"end":{"line":15,"column":22}},"7":{"start":{"line":1,"column":0},"end":{"line":1,"column":13}}},"fnMap":{"0":{"name":"(anonymous_2)","decl":{"start":{"line":4,"column":2},"end":{"line":4,"column":14}},"loc":{"start":{"line":4,"column":21},"end":{"line":7,"column":3}}},"1":{"name":"(anonymous_3)","decl":{"start":{"line":8,"column":2},"end":{"line":8,"column":9}},"loc":{"start":{"line":8,"column":9},"end":{"line":10,"column":3}}},"2":{"name":"(anonymous_4)","decl":{"start":{"line":11,"column":2},"end":{"line":11,"column":9}},"loc":{"start":{"line":11,"column":9},"end":{"line":13,"column":3}}},"3":{"name":"(anonymous_5)","decl":{"start":{"line":14,"column":2},"end":{"line":14,"column":9}},"loc":{"start":{"line":14,"column":30},"end":{"line":16,"column":3}}}},"branchMap":{},"s":{"0":13,"1":13,"2":13,"3":13,"4":28,"5":169,"6":17,"7":1},"f":{"0":13,"1":28,"2":169,"3":17},"b":{}}
}
