{"/Users/ichang-u/Desktop/algorithm/practice-ts/src/linked-list/linked_list.ts": {"path":"/Users/ichang-u/Desktop/algorithm/practice-ts/src/linked-list/linked_list.ts","statementMap":{"0":{"start":{"line":1,"column":0},"end":{"line":1,"column":30}},"1":{"start":{"line":20,"column":2},"end":{"line":20,"column":31}},"2":{"start":{"line":21,"column":2},"end":{"line":21,"column":20}},"3":{"start":{"line":24,"column":4},"end":{"line":24,"column":22}},"4":{"start":{"line":28,"column":18},"end":{"line":28,"column":28}},"5":{"start":{"line":29,"column":14},"end":{"line":29,"column":18}},"6":{"start":{"line":30,"column":4},"end":{"line":36,"column":null}},"7":{"start":{"line":31,"column":6},"end":{"line":31,"column":31}},"8":{"start":{"line":32,"column":6},"end":{"line":34,"column":null}},"9":{"start":{"line":33,"column":8},"end":{"line":33,"column":22}},"10":{"start":{"line":35,"column":6},"end":{"line":35,"column":34}},"11":{"start":{"line":37,"column":4},"end":{"line":37,"column":16}},"12":{"start":{"line":38,"column":4},"end":{"line":38,"column":15}},"13":{"start":{"line":42,"column":4},"end":{"line":42,"column":22}},"14":{"start":{"line":45,"column":4},"end":{"line":45,"column":43}},"15":{"start":{"line":48,"column":18},"end":{"line":48,"column":28}},"16":{"start":{"line":49,"column":16},"end":{"line":49,"column":17}},"17":{"start":{"line":50,"column":4},"end":{"line":53,"column":null}},"18":{"start":{"line":51,"column":6},"end":{"line":51,"column":14}},"19":{"start":{"line":52,"column":6},"end":{"line":52,"column":34}},"20":{"start":{"line":55,"column":4},"end":{"line":55,"column":46}},"21":{"start":{"line":58,"column":20},"end":{"line":58,"column":30}},"22":{"start":{"line":59,"column":17},"end":{"line":59,"column":32}},"23":{"start":{"line":60,"column":4},"end":{"line":60,"column":23}},"24":{"start":{"line":61,"column":4},"end":{"line":63,"column":null}},"25":{"start":{"line":62,"column":6},"end":{"line":62,"column":28}},"26":{"start":{"line":65,"column":4},"end":{"line":65,"column":20}},"27":{"start":{"line":69,"column":20},"end":{"line":69,"column":30}},"28":{"start":{"line":70,"column":4},"end":{"line":75,"column":null}},"29":{"start":{"line":71,"column":6},"end":{"line":71,"column":22}},"30":{"start":{"line":72,"column":6},"end":{"line":72,"column":38}},"31":{"start":{"line":74,"column":6},"end":{"line":74,"column":31}},"32":{"start":{"line":76,"column":4},"end":{"line":76,"column":16}},"33":{"start":{"line":79,"column":17},"end":{"line":79,"column":32}},"34":{"start":{"line":80,"column":18},"end":{"line":80,"column":28}},"35":{"start":{"line":81,"column":4},"end":{"line":81,"column":20}},"36":{"start":{"line":83,"column":4},"end":{"line":86,"column":null}},"37":{"start":{"line":84,"column":6},"end":{"line":84,"column":25}},"38":{"start":{"line":85,"column":6},"end":{"line":85,"column":13}},"39":{"start":{"line":88,"column":4},"end":{"line":90,"column":null}},"40":{"start":{"line":89,"column":6},"end":{"line":89,"column":34}},"41":{"start":{"line":91,"column":4},"end":{"line":91,"column":37}},"42":{"start":{"line":95,"column":18},"end":{"line":95,"column":28}},"43":{"start":{"line":96,"column":31},"end":{"line":96,"column":35}},"44":{"start":{"line":97,"column":4},"end":{"line":99,"column":null}},"45":{"start":{"line":98,"column":6},"end":{"line":98,"column":22}},"46":{"start":{"line":101,"column":4},"end":{"line":104,"column":null}},"47":{"start":{"line":102,"column":6},"end":{"line":102,"column":21}},"48":{"start":{"line":103,"column":6},"end":{"line":103,"column":34}},"49":{"start":{"line":105,"column":4},"end":{"line":109,"column":null}},"50":{"start":{"line":106,"column":6},"end":{"line":106,"column":25}},"51":{"start":{"line":108,"column":6},"end":{"line":108,"column":24}},"52":{"start":{"line":111,"column":4},"end":{"line":111,"column":46}},"53":{"start":{"line":115,"column":20},"end":{"line":115,"column":30}},"54":{"start":{"line":116,"column":4},"end":{"line":118,"column":null}},"55":{"start":{"line":117,"column":6},"end":{"line":117,"column":18}},"56":{"start":{"line":119,"column":4},"end":{"line":119,"column":29}},"57":{"start":{"line":123,"column":18},"end":{"line":123,"column":28}},"58":{"start":{"line":125,"column":4},"end":{"line":127,"column":null}},"59":{"start":{"line":126,"column":6},"end":{"line":126,"column":34}},"60":{"start":{"line":129,"column":4},"end":{"line":129,"column":46}},"61":{"start":{"line":133,"column":17},"end":{"line":133,"column":32}},"62":{"start":{"line":134,"column":18},"end":{"line":134,"column":28}},"63":{"start":{"line":135,"column":31},"end":{"line":135,"column":35}},"64":{"start":{"line":136,"column":16},"end":{"line":136,"column":17}},"65":{"start":{"line":138,"column":4},"end":{"line":142,"column":null}},"66":{"start":{"line":139,"column":6},"end":{"line":139,"column":24}},"67":{"start":{"line":140,"column":6},"end":{"line":140,"column":22}},"68":{"start":{"line":141,"column":6},"end":{"line":141,"column":13}},"69":{"start":{"line":144,"column":4},"end":{"line":144,"column":20}},"70":{"start":{"line":145,"column":4},"end":{"line":149,"column":null}},"71":{"start":{"line":146,"column":6},"end":{"line":146,"column":14}},"72":{"start":{"line":147,"column":6},"end":{"line":147,"column":21}},"73":{"start":{"line":148,"column":6},"end":{"line":148,"column":34}},"74":{"start":{"line":151,"column":4},"end":{"line":164,"column":null}},"75":{"start":{"line":153,"column":6},"end":{"line":155,"column":null}},"76":{"start":{"line":154,"column":8},"end":{"line":154,"column":27}},"77":{"start":{"line":157,"column":6},"end":{"line":163,"column":null}},"78":{"start":{"line":158,"column":8},"end":{"line":158,"column":27}},"79":{"start":{"line":159,"column":8},"end":{"line":159,"column":30}},"80":{"start":{"line":161,"column":8},"end":{"line":161,"column":30}},"81":{"start":{"line":162,"column":8},"end":{"line":162,"column":26}},"82":{"start":{"line":168,"column":18},"end":{"line":168,"column":28}},"83":{"start":{"line":169,"column":31},"end":{"line":169,"column":35}},"84":{"start":{"line":170,"column":16},"end":{"line":170,"column":17}},"85":{"start":{"line":171,"column":4},"end":{"line":173,"column":null}},"86":{"start":{"line":172,"column":6},"end":{"line":172,"column":13}},"87":{"start":{"line":175,"column":4},"end":{"line":181,"column":null}},"88":{"start":{"line":176,"column":6},"end":{"line":176,"column":14}},"89":{"start":{"line":177,"column":6},"end":{"line":180,"column":null}},"90":{"start":{"line":178,"column":8},"end":{"line":178,"column":23}},"91":{"start":{"line":179,"column":8},"end":{"line":179,"column":36}},"92":{"start":{"line":183,"column":4},"end":{"line":192,"column":null}},"93":{"start":{"line":184,"column":6},"end":{"line":188,"column":null}},"94":{"start":{"line":185,"column":8},"end":{"line":185,"column":40}},"95":{"start":{"line":187,"column":8},"end":{"line":187,"column":39}},"96":{"start":{"line":191,"column":6},"end":{"line":191,"column":26}},"97":{"start":{"line":194,"column":4},"end":{"line":194,"column":20}},"98":{"start":{"line":198,"column":18},"end":{"line":198,"column":28}},"99":{"start":{"line":199,"column":31},"end":{"line":199,"column":35}},"100":{"start":{"line":200,"column":34},"end":{"line":200,"column":38}},"101":{"start":{"line":203,"column":4},"end":{"line":210,"column":null}},"102":{"start":{"line":206,"column":6},"end":{"line":206,"column":41}},"103":{"start":{"line":207,"column":6},"end":{"line":207,"column":34}},"104":{"start":{"line":208,"column":6},"end":{"line":208,"column":28}},"105":{"start":{"line":209,"column":6},"end":{"line":209,"column":21}},"106":{"start":{"line":211,"column":4},"end":{"line":211,"column":25}},"107":{"start":{"line":215,"column":18},"end":{"line":215,"column":28}},"108":{"start":{"line":216,"column":31},"end":{"line":216,"column":35}},"109":{"start":{"line":218,"column":4},"end":{"line":230,"column":null}},"110":{"start":{"line":219,"column":6},"end":{"line":227,"column":null}},"111":{"start":{"line":220,"column":8},"end":{"line":220,"column":24}},"112":{"start":{"line":221,"column":8},"end":{"line":225,"column":null}},"113":{"start":{"line":222,"column":10},"end":{"line":222,"column":42}},"114":{"start":{"line":224,"column":10},"end":{"line":224,"column":42}},"115":{"start":{"line":226,"column":8},"end":{"line":226,"column":14}},"116":{"start":{"line":228,"column":6},"end":{"line":228,"column":21}},"117":{"start":{"line":229,"column":6},"end":{"line":229,"column":34}},"118":{"start":{"line":234,"column":0},"end":{"line":234,"column":26}}},"fnMap":{"0":{"name":"(anonymous_2)","decl":{"start":{"line":19,"column":0},"end":{"line":19,"column":6}},"loc":{"start":{"line":19,"column":0},"end":{"line":232,"column":1}}},"1":{"name":"(anonymous_3)","decl":{"start":{"line":23,"column":2},"end":{"line":23,"column":9}},"loc":{"start":{"line":23,"column":30},"end":{"line":25,"column":3}}},"2":{"name":"(anonymous_4)","decl":{"start":{"line":27,"column":2},"end":{"line":27,"column":8}},"loc":{"start":{"line":27,"column":8},"end":{"line":39,"column":3}}},"3":{"name":"(anonymous_5)","decl":{"start":{"line":41,"column":2},"end":{"line":41,"column":6}},"loc":{"start":{"line":41,"column":6},"end":{"line":43,"column":3}}},"4":{"name":"(anonymous_6)","decl":{"start":{"line":44,"column":2},"end":{"line":44,"column":7}},"loc":{"start":{"line":44,"column":7},"end":{"line":46,"column":3}}},"5":{"name":"(anonymous_7)","decl":{"start":{"line":47,"column":2},"end":{"line":47,"column":9}},"loc":{"start":{"line":47,"column":23},"end":{"line":56,"column":3}}},"6":{"name":"(anonymous_8)","decl":{"start":{"line":57,"column":2},"end":{"line":57,"column":11}},"loc":{"start":{"line":57,"column":20},"end":{"line":66,"column":3}}},"7":{"name":"(anonymous_9)","decl":{"start":{"line":68,"column":2},"end":{"line":68,"column":10}},"loc":{"start":{"line":68,"column":10},"end":{"line":77,"column":3}}},"8":{"name":"(anonymous_10)","decl":{"start":{"line":78,"column":2},"end":{"line":78,"column":10}},"loc":{"start":{"line":78,"column":19},"end":{"line":92,"column":3}}},"9":{"name":"(anonymous_11)","decl":{"start":{"line":94,"column":2},"end":{"line":94,"column":9}},"loc":{"start":{"line":94,"column":9},"end":{"line":112,"column":3}}},"10":{"name":"(anonymous_12)","decl":{"start":{"line":114,"column":2},"end":{"line":114,"column":7}},"loc":{"start":{"line":114,"column":7},"end":{"line":120,"column":3}}},"11":{"name":"(anonymous_13)","decl":{"start":{"line":122,"column":2},"end":{"line":122,"column":6}},"loc":{"start":{"line":122,"column":6},"end":{"line":130,"column":3}}},"12":{"name":"(anonymous_14)","decl":{"start":{"line":132,"column":2},"end":{"line":132,"column":8}},"loc":{"start":{"line":132,"column":32},"end":{"line":165,"column":3}}},"13":{"name":"(anonymous_15)","decl":{"start":{"line":167,"column":2},"end":{"line":167,"column":7}},"loc":{"start":{"line":167,"column":21},"end":{"line":195,"column":3}}},"14":{"name":"(anonymous_16)","decl":{"start":{"line":197,"column":2},"end":{"line":197,"column":9}},"loc":{"start":{"line":197,"column":9},"end":{"line":212,"column":3}}},"15":{"name":"(anonymous_17)","decl":{"start":{"line":214,"column":2},"end":{"line":214,"column":13}},"loc":{"start":{"line":214,"column":22},"end":{"line":231,"column":3}}}},"branchMap":{"0":{"loc":{"start":{"line":32,"column":6},"end":{"line":34,"column":null}},"type":"if","locations":[{"start":{"line":32,"column":6},"end":{"line":34,"column":null}}]},"1":{"loc":{"start":{"line":45,"column":11},"end":{"line":45,"column":42}},"type":"cond-expr","locations":[{"start":{"line":45,"column":30},"end":{"line":45,"column":34}},{"start":{"line":45,"column":37},"end":{"line":45,"column":42}}]},"2":{"loc":{"start":{"line":50,"column":11},"end":{"line":50,"column":35}},"type":"binary-expr","locations":[{"start":{"line":50,"column":11},"end":{"line":50,"column":18}},{"start":{"line":50,"column":22},"end":{"line":50,"column":35}}]},"3":{"loc":{"start":{"line":55,"column":11},"end":{"line":55,"column":45}},"type":"cond-expr","locations":[{"start":{"line":55,"column":21},"end":{"line":55,"column":38}},{"start":{"line":55,"column":41},"end":{"line":55,"column":45}}]},"4":{"loc":{"start":{"line":61,"column":4},"end":{"line":63,"column":null}},"type":"if","locations":[{"start":{"line":61,"column":4},"end":{"line":63,"column":null}}]},"5":{"loc":{"start":{"line":70,"column":4},"end":{"line":75,"column":null}},"type":"if","locations":[{"start":{"line":70,"column":4},"end":{"line":75,"column":null}}]},"6":{"loc":{"start":{"line":83,"column":4},"end":{"line":86,"column":null}},"type":"if","locations":[{"start":{"line":83,"column":4},"end":{"line":86,"column":null}}]},"7":{"loc":{"start":{"line":88,"column":11},"end":{"line":88,"column":39}},"type":"binary-expr","locations":[{"start":{"line":88,"column":11},"end":{"line":88,"column":18}},{"start":{"line":88,"column":22},"end":{"line":88,"column":39}}]},"8":{"loc":{"start":{"line":91,"column":4},"end":{"line":91,"column":36}},"type":"binary-expr","locations":[{"start":{"line":91,"column":4},"end":{"line":91,"column":11}},{"start":{"line":91,"column":15},"end":{"line":91,"column":36}}]},"9":{"loc":{"start":{"line":97,"column":4},"end":{"line":99,"column":null}},"type":"if","locations":[{"start":{"line":97,"column":4},"end":{"line":99,"column":null}}]},"10":{"loc":{"start":{"line":101,"column":11},"end":{"line":101,"column":29}},"type":"cond-expr","locations":[{"start":{"line":101,"column":18},"end":{"line":101,"column":20}},{"start":{"line":101,"column":11},"end":{"line":101,"column":29}}]},"11":{"loc":{"start":{"line":101,"column":11},"end":{"line":101,"column":20}},"type":"binary-expr","locations":[{"start":{"line":101,"column":11},"end":{"line":101,"column":20}},{"start":{"line":101,"column":11},"end":{"line":101,"column":20}}]},"12":{"loc":{"start":{"line":105,"column":4},"end":{"line":109,"column":null}},"type":"if","locations":[{"start":{"line":105,"column":4},"end":{"line":109,"column":null}},{"start":{"line":107,"column":11},"end":{"line":109,"column":null}}]},"13":{"loc":{"start":{"line":111,"column":11},"end":{"line":111,"column":45}},"type":"cond-expr","locations":[{"start":{"line":111,"column":21},"end":{"line":111,"column":38}},{"start":{"line":111,"column":41},"end":{"line":111,"column":45}}]},"14":{"loc":{"start":{"line":116,"column":4},"end":{"line":118,"column":null}},"type":"if","locations":[{"start":{"line":116,"column":4},"end":{"line":118,"column":null}}]},"15":{"loc":{"start":{"line":125,"column":11},"end":{"line":125,"column":29}},"type":"cond-expr","locations":[{"start":{"line":125,"column":18},"end":{"line":125,"column":20}},{"start":{"line":125,"column":11},"end":{"line":125,"column":29}}]},"16":{"loc":{"start":{"line":125,"column":11},"end":{"line":125,"column":20}},"type":"binary-expr","locations":[{"start":{"line":125,"column":11},"end":{"line":125,"column":20}},{"start":{"line":125,"column":11},"end":{"line":125,"column":20}}]},"17":{"loc":{"start":{"line":129,"column":11},"end":{"line":129,"column":45}},"type":"cond-expr","locations":[{"start":{"line":129,"column":21},"end":{"line":129,"column":38}},{"start":{"line":129,"column":41},"end":{"line":129,"column":45}}]},"18":{"loc":{"start":{"line":138,"column":4},"end":{"line":142,"column":null}},"type":"if","locations":[{"start":{"line":138,"column":4},"end":{"line":142,"column":null}}]},"19":{"loc":{"start":{"line":145,"column":11},"end":{"line":145,"column":35}},"type":"binary-expr","locations":[{"start":{"line":145,"column":11},"end":{"line":145,"column":24}},{"start":{"line":145,"column":28},"end":{"line":145,"column":35}}]},"20":{"loc":{"start":{"line":151,"column":4},"end":{"line":164,"column":null}},"type":"if","locations":[{"start":{"line":151,"column":4},"end":{"line":164,"column":null}},{"start":{"line":156,"column":11},"end":{"line":164,"column":null}}]},"21":{"loc":{"start":{"line":153,"column":6},"end":{"line":155,"column":null}},"type":"if","locations":[{"start":{"line":153,"column":6},"end":{"line":155,"column":null}}]},"22":{"loc":{"start":{"line":153,"column":10},"end":{"line":153,"column":26}},"type":"binary-expr","locations":[{"start":{"line":153,"column":10},"end":{"line":153,"column":18}},{"start":{"line":153,"column":22},"end":{"line":153,"column":26}}]},"23":{"loc":{"start":{"line":157,"column":6},"end":{"line":163,"column":null}},"type":"if","locations":[{"start":{"line":157,"column":6},"end":{"line":163,"column":null}},{"start":{"line":160,"column":13},"end":{"line":163,"column":null}}]},"24":{"loc":{"start":{"line":171,"column":4},"end":{"line":173,"column":null}},"type":"if","locations":[{"start":{"line":171,"column":4},"end":{"line":173,"column":null}}]},"25":{"loc":{"start":{"line":171,"column":8},"end":{"line":171,"column":40}},"type":"binary-expr","locations":[{"start":{"line":171,"column":8},"end":{"line":171,"column":16}},{"start":{"line":171,"column":20},"end":{"line":171,"column":40}}]},"26":{"loc":{"start":{"line":177,"column":6},"end":{"line":180,"column":null}},"type":"if","locations":[{"start":{"line":177,"column":6},"end":{"line":180,"column":null}}]},"27":{"loc":{"start":{"line":177,"column":10},"end":{"line":177,"column":38}},"type":"binary-expr","locations":[{"start":{"line":177,"column":10},"end":{"line":177,"column":17}},{"start":{"line":177,"column":21},"end":{"line":177,"column":38}}]},"28":{"loc":{"start":{"line":183,"column":4},"end":{"line":192,"column":null}},"type":"if","locations":[{"start":{"line":183,"column":4},"end":{"line":192,"column":null}},{"start":{"line":190,"column":11},"end":{"line":192,"column":null}}]},"29":{"loc":{"start":{"line":183,"column":8},"end":{"line":183,"column":36}},"type":"binary-expr","locations":[{"start":{"line":183,"column":8},"end":{"line":183,"column":15}},{"start":{"line":183,"column":19},"end":{"line":183,"column":36}}]},"30":{"loc":{"start":{"line":184,"column":6},"end":{"line":188,"column":null}},"type":"if","locations":[{"start":{"line":184,"column":6},"end":{"line":188,"column":null}},{"start":{"line":186,"column":13},"end":{"line":188,"column":null}}]},"31":{"loc":{"start":{"line":184,"column":10},"end":{"line":184,"column":25}},"type":"binary-expr","locations":[{"start":{"line":184,"column":10},"end":{"line":184,"column":14}},{"start":{"line":184,"column":18},"end":{"line":184,"column":25}}]},"32":{"loc":{"start":{"line":191,"column":6},"end":{"line":191,"column":25}},"type":"cond-expr","locations":[{"start":{"line":191,"column":10},"end":{"line":191,"column":12}},{"start":{"line":191,"column":6},"end":{"line":191,"column":25}}]},"33":{"loc":{"start":{"line":191,"column":6},"end":{"line":191,"column":12}},"type":"binary-expr","locations":[{"start":{"line":191,"column":6},"end":{"line":191,"column":12}},{"start":{"line":191,"column":6},"end":{"line":191,"column":12}}]},"34":{"loc":{"start":{"line":219,"column":6},"end":{"line":227,"column":null}},"type":"if","locations":[{"start":{"line":219,"column":6},"end":{"line":227,"column":null}}]},"35":{"loc":{"start":{"line":221,"column":8},"end":{"line":225,"column":null}},"type":"if","locations":[{"start":{"line":221,"column":8},"end":{"line":225,"column":null}},{"start":{"line":223,"column":15},"end":{"line":225,"column":null}}]}},"s":{"0":1,"1":20,"2":20,"3":26,"4":21,"5":21,"6":21,"7":46,"8":46,"9":26,"10":46,"11":21,"12":21,"13":40,"14":2,"15":4,"16":4,"17":4,"18":5,"19":5,"20":4,"21":2,"22":2,"23":2,"24":2,"25":1,"26":2,"27":5,"28":5,"29":4,"30":4,"31":4,"32":1,"33":48,"34":48,"35":48,"36":48,"37":18,"38":18,"39":30,"40":21,"41":30,"42":5,"43":5,"44":5,"45":4,"46":5,"47":3,"48":3,"49":5,"50":2,"51":3,"52":5,"53":2,"54":2,"55":1,"56":1,"57":2,"58":2,"59":3,"60":2,"61":5,"62":5,"63":5,"64":5,"65":5,"66":1,"67":1,"68":1,"69":4,"70":4,"71":8,"72":8,"73":8,"74":4,"75":1,"76":1,"77":3,"78":2,"79":2,"80":1,"81":1,"82":6,"83":6,"84":6,"85":6,"86":2,"87":4,"88":3,"89":3,"90":3,"91":3,"92":4,"93":2,"94":1,"95":1,"96":2,"97":4,"98":4,"99":4,"100":4,"101":4,"102":7,"103":7,"104":7,"105":7,"106":4,"107":5,"108":5,"109":5,"110":7,"111":4,"112":4,"113":2,"114":2,"115":4,"116":3,"117":3,"118":1},"f":{"0":20,"1":26,"2":21,"3":40,"4":2,"5":4,"6":2,"7":5,"8":48,"9":5,"10":2,"11":2,"12":5,"13":6,"14":4,"15":5},"b":{"0":[26],"1":[1,1],"2":[9,8],"3":[3,1],"4":[1],"5":[4],"6":[18],"7":[51,51],"8":[30,30],"9":[4],"10":[1,7],"11":[8,7],"12":[2,3],"13":[4,1],"14":[1],"15":[1,4],"16":[5,4],"17":[1,1],"18":[1],"19":[12,9],"20":[1,3],"21":[1],"22":[1,1],"23":[2,1],"24":[2],"25":[6,5],"26":[3],"27":[3,3],"28":[2,2],"29":[4,4],"30":[1,1],"31":[2,1],"32":[1,1],"33":[2,1],"34":[4],"35":[2,2]}}
,"/Users/ichang-u/Desktop/algorithm/practice-ts/src/linked-list/node.ts": {"path":"/Users/ichang-u/Desktop/algorithm/practice-ts/src/linked-list/node.ts","statementMap":{"0":{"start":{"line":2,"column":2},"end":{"line":2,"column":11}},"1":{"start":{"line":3,"column":2},"end":{"line":3,"column":24}},"2":{"start":{"line":5,"column":4},"end":{"line":5,"column":22}},"3":{"start":{"line":6,"column":4},"end":{"line":6,"column":22}},"4":{"start":{"line":9,"column":4},"end":{"line":9,"column":22}},"5":{"start":{"line":12,"column":4},"end":{"line":12,"column":22}},"6":{"start":{"line":15,"column":4},"end":{"line":15,"column":22}},"7":{"start":{"line":1,"column":0},"end":{"line":1,"column":13}}},"fnMap":{"0":{"name":"(anonymous_2)","decl":{"start":{"line":4,"column":2},"end":{"line":4,"column":14}},"loc":{"start":{"line":4,"column":21},"end":{"line":7,"column":3}}},"1":{"name":"(anonymous_3)","decl":{"start":{"line":8,"column":2},"end":{"line":8,"column":9}},"loc":{"start":{"line":8,"column":9},"end":{"line":10,"column":3}}},"2":{"name":"(anonymous_4)","decl":{"start":{"line":11,"column":2},"end":{"line":11,"column":9}},"loc":{"start":{"line":11,"column":9},"end":{"line":13,"column":3}}},"3":{"name":"(anonymous_5)","decl":{"start":{"line":14,"column":2},"end":{"line":14,"column":9}},"loc":{"start":{"line":14,"column":30},"end":{"line":16,"column":3}}}},"branchMap":{},"s":{"0":62,"1":62,"2":62,"3":62,"4":73,"5":224,"6":50,"7":1},"f":{"0":62,"1":73,"2":224,"3":50},"b":{}}
}
