TN:
SF:src/linked-list/linked_list.ts
FN:19,(anonymous_2)
FN:23,(anonymous_3)
FN:27,(anonymous_4)
FN:41,(anonymous_5)
FN:44,(anonymous_6)
FN:47,(anonymous_7)
FN:57,(anonymous_8)
FN:68,(anonymous_9)
FN:78,(anonymous_10)
FN:94,(anonymous_11)
FN:114,(anonymous_12)
FN:122,(anonymous_13)
FN:132,(anonymous_14)
FN:167,(anonymous_15)
FN:197,(anonymous_16)
FN:214,(anonymous_17)
FNF:16
FNH:16
FNDA:1,(anonymous_2)
FNDA:6,(anonymous_3)
FNDA:3,(anonymous_4)
FNDA:12,(anonymous_5)
FNDA:3,(anonymous_6)
FNDA:3,(anonymous_7)
FNDA:2,(anonymous_8)
FNDA:3,(anonymous_9)
FNDA:5,(anonymous_10)
FNDA:4,(anonymous_11)
FNDA:6,(anonymous_12)
FNDA:4,(anonymous_13)
FNDA:4,(anonymous_14)
FNDA:3,(anonymous_15)
FNDA:1,(anonymous_16)
FNDA:2,(anonymous_17)
DA:1,1
DA:20,1
DA:21,1
DA:24,6
DA:28,3
DA:29,3
DA:30,3
DA:31,7
DA:32,7
DA:33,4
DA:35,7
DA:37,3
DA:38,3
DA:42,12
DA:45,3
DA:48,3
DA:49,3
DA:50,3
DA:51,5
DA:52,5
DA:55,3
DA:58,2
DA:59,2
DA:60,2
DA:61,2
DA:62,2
DA:65,2
DA:69,3
DA:70,3
DA:71,2
DA:72,2
DA:74,2
DA:76,1
DA:79,5
DA:80,5
DA:81,5
DA:83,5
DA:84,1
DA:85,1
DA:88,4
DA:89,3
DA:91,4
DA:95,4
DA:96,4
DA:97,4
DA:98,3
DA:101,4
DA:102,4
DA:103,4
DA:105,4
DA:106,2
DA:108,2
DA:111,4
DA:115,6
DA:116,6
DA:117,1
DA:119,5
DA:123,4
DA:125,4
DA:126,4
DA:129,4
DA:133,4
DA:134,4
DA:135,4
DA:136,4
DA:138,4
DA:139,1
DA:140,1
DA:141,1
DA:144,3
DA:145,3
DA:146,3
DA:147,3
DA:148,3
DA:151,3
DA:153,1
DA:154,1
DA:157,2
DA:158,1
DA:159,1
DA:161,1
DA:162,1
DA:168,3
DA:169,3
DA:170,3
DA:171,3
DA:172,0
DA:175,3
DA:176,100
DA:177,100
DA:178,2
DA:179,2
DA:183,3
DA:184,2
DA:185,1
DA:187,1
DA:191,1
DA:194,3
DA:198,1
DA:199,1
DA:200,1
DA:203,1
DA:206,2
DA:207,2
DA:208,2
DA:209,2
DA:211,1
DA:215,2
DA:216,2
DA:218,2
DA:219,4
DA:220,2
DA:221,2
DA:222,1
DA:224,1
DA:226,2
DA:228,2
DA:229,2
DA:234,1
LF:119
LH:118
BRDA:32,0,0,4
BRDA:45,1,0,2
BRDA:45,1,1,1
BRDA:50,2,0,8
BRDA:50,2,1,7
BRDA:55,3,0,2
BRDA:55,3,1,1
BRDA:61,4,0,2
BRDA:70,5,0,2
BRDA:83,6,0,1
BRDA:88,7,0,0
BRDA:88,7,1,7
BRDA:88,8,0,7
BRDA:88,8,1,7
BRDA:91,9,0,0
BRDA:91,9,1,4
BRDA:91,10,0,4
BRDA:91,10,1,4
BRDA:97,11,0,3
BRDA:101,12,0,1
BRDA:101,12,1,7
BRDA:101,13,0,8
BRDA:101,13,1,7
BRDA:105,14,0,2
BRDA:105,14,1,2
BRDA:106,15,0,0
BRDA:106,15,1,2
BRDA:106,16,0,2
BRDA:106,16,1,2
BRDA:111,17,0,3
BRDA:111,17,1,1
BRDA:116,18,0,1
BRDA:125,19,0,1
BRDA:125,19,1,7
BRDA:125,20,0,8
BRDA:125,20,1,7
BRDA:129,21,0,3
BRDA:129,21,1,1
BRDA:138,22,0,1
BRDA:145,23,0,6
BRDA:145,23,1,4
BRDA:151,24,0,1
BRDA:151,24,1,2
BRDA:153,25,0,1
BRDA:154,26,0,0
BRDA:154,26,1,1
BRDA:154,27,0,1
BRDA:154,27,1,1
BRDA:157,28,0,1
BRDA:157,28,1,1
BRDA:171,29,0,0
BRDA:177,30,0,2
BRDA:177,31,0,0
BRDA:177,31,1,100
BRDA:177,32,0,100
BRDA:177,32,1,100
BRDA:183,33,0,2
BRDA:183,33,1,1
BRDA:183,34,0,0
BRDA:183,34,1,3
BRDA:183,35,0,3
BRDA:183,35,1,3
BRDA:184,36,0,1
BRDA:184,36,1,1
BRDA:185,37,0,0
BRDA:185,37,1,1
BRDA:185,38,0,1
BRDA:185,38,1,1
BRDA:191,39,0,0
BRDA:191,39,1,1
BRDA:191,40,0,1
BRDA:191,40,1,1
BRDA:219,41,0,2
BRDA:219,42,0,0
BRDA:219,42,1,4
BRDA:219,43,0,4
BRDA:219,43,1,4
BRDA:221,44,0,1
BRDA:221,44,1,1
BRF:79
BRH:69
end_of_record
TN:
SF:src/linked-list/node.ts
FN:4,(anonymous_2)
FN:8,(anonymous_3)
FN:11,(anonymous_4)
FN:14,(anonymous_5)
FNF:4
FNH:4
FNDA:13,(anonymous_2)
FNDA:28,(anonymous_3)
FNDA:169,(anonymous_4)
FNDA:17,(anonymous_5)
DA:1,1
DA:2,13
DA:3,13
DA:5,13
DA:6,13
DA:9,28
DA:12,169
DA:15,17
LF:8
LH:8
BRF:0
BRH:0
end_of_record
