TN:
SF:src/linked-list/linked_list.ts
FN:19,(anonymous_2)
FN:23,(anonymous_3)
FN:27,(anonymous_4)
FN:41,(anonymous_5)
FN:44,(anonymous_6)
FN:47,(anonymous_7)
FN:57,(anonymous_8)
FN:68,(anonymous_9)
FN:78,(anonymous_10)
FN:94,(anonymous_11)
FN:114,(anonymous_12)
FN:122,(anonymous_13)
FN:132,(anonymous_14)
FN:168,(anonymous_15)
FN:198,(anonymous_16)
FN:215,(anonymous_17)
FNF:16
FNH:15
FNDA:1,(anonymous_2)
FNDA:3,(anonymous_3)
FNDA:2,(anonymous_4)
FNDA:6,(anonymous_5)
FNDA:3,(anonymous_6)
FNDA:3,(anonymous_7)
FNDA:1,(anonymous_8)
FNDA:1,(anonymous_9)
FNDA:3,(anonymous_10)
FNDA:3,(anonymous_11)
FNDA:1,(anonymous_12)
FNDA:1,(anonymous_13)
FNDA:1,(anonymous_14)
FNDA:0,(anonymous_15)
FNDA:1,(anonymous_16)
FNDA:1,(anonymous_17)
DA:1,1
DA:20,1
DA:21,1
DA:24,3
DA:28,2
DA:29,2
DA:30,2
DA:31,4
DA:32,4
DA:33,2
DA:35,4
DA:37,2
DA:38,2
DA:42,6
DA:45,3
DA:48,3
DA:49,3
DA:50,3
DA:51,5
DA:52,5
DA:55,3
DA:58,1
DA:59,1
DA:60,1
DA:61,1
DA:62,1
DA:65,1
DA:69,1
DA:70,1
DA:71,1
DA:72,1
DA:74,1
DA:76,0
DA:79,3
DA:80,3
DA:81,3
DA:83,3
DA:84,1
DA:85,1
DA:88,2
DA:89,1
DA:91,2
DA:95,3
DA:96,3
DA:97,3
DA:98,3
DA:101,3
DA:102,4
DA:103,4
DA:105,3
DA:106,2
DA:108,1
DA:111,3
DA:115,1
DA:116,1
DA:117,0
DA:119,1
DA:123,1
DA:125,1
DA:126,3
DA:129,1
DA:133,1
DA:134,1
DA:135,1
DA:136,1
DA:138,1
DA:140,1
DA:141,0
DA:142,0
DA:144,1
DA:145,2
DA:146,2
DA:147,2
DA:150,1
DA:152,0
DA:153,0
DA:155,0
DA:158,1
DA:159,1
DA:160,1
DA:162,0
DA:163,0
DA:169,0
DA:170,0
DA:171,0
DA:172,0
DA:173,0
DA:176,0
DA:177,0
DA:178,0
DA:179,0
DA:180,0
DA:184,0
DA:185,0
DA:186,0
DA:188,0
DA:192,0
DA:195,0
DA:199,1
DA:200,1
DA:201,1
DA:204,1
DA:207,2
DA:208,2
DA:209,2
DA:210,2
DA:212,1
DA:216,1
DA:217,1
DA:219,1
DA:220,3
DA:221,1
DA:222,1
DA:223,1
DA:225,0
DA:227,1
DA:229,2
DA:230,2
DA:235,1
LF:119
LH:93
BRDA:32,0,0,2
BRDA:45,1,0,2
BRDA:45,1,1,1
BRDA:50,2,0,8
BRDA:50,2,1,7
BRDA:55,3,0,2
BRDA:55,3,1,1
BRDA:61,4,0,1
BRDA:70,5,0,1
BRDA:83,6,0,1
BRDA:88,7,0,0
BRDA:88,7,1,3
BRDA:88,8,0,3
BRDA:88,8,1,3
BRDA:91,9,0,0
BRDA:91,9,1,2
BRDA:91,10,0,2
BRDA:91,10,1,2
BRDA:97,11,0,3
BRDA:101,12,0,0
BRDA:101,12,1,7
BRDA:101,13,0,7
BRDA:101,13,1,7
BRDA:105,14,0,2
BRDA:105,14,1,1
BRDA:106,15,0,0
BRDA:106,15,1,2
BRDA:106,16,0,2
BRDA:106,16,1,2
BRDA:111,17,0,3
BRDA:111,17,1,0
BRDA:116,18,0,0
BRDA:125,19,0,0
BRDA:125,19,1,4
BRDA:125,20,0,4
BRDA:125,20,1,4
BRDA:129,21,0,1
BRDA:129,21,1,0
BRDA:140,22,0,0
BRDA:144,23,0,3
BRDA:144,23,1,2
BRDA:150,24,0,0
BRDA:150,24,1,1
BRDA:152,25,0,0
BRDA:152,25,1,0
BRDA:153,26,0,0
BRDA:153,26,1,0
BRDA:153,27,0,0
BRDA:153,27,1,0
BRDA:155,28,0,0
BRDA:155,28,1,0
BRDA:155,29,0,0
BRDA:155,29,1,0
BRDA:158,30,0,1
BRDA:158,30,1,0
BRDA:172,31,0,0
BRDA:178,32,0,0
BRDA:178,33,0,0
BRDA:178,33,1,0
BRDA:178,34,0,0
BRDA:178,34,1,0
BRDA:184,35,0,0
BRDA:184,35,1,0
BRDA:184,36,0,0
BRDA:184,36,1,0
BRDA:184,37,0,0
BRDA:184,37,1,0
BRDA:185,38,0,0
BRDA:185,38,1,0
BRDA:186,39,0,0
BRDA:186,39,1,0
BRDA:186,40,0,0
BRDA:186,40,1,0
BRDA:192,41,0,0
BRDA:192,41,1,0
BRDA:192,42,0,0
BRDA:192,42,1,0
BRDA:220,43,0,1
BRDA:220,44,0,0
BRDA:220,44,1,3
BRDA:220,45,0,3
BRDA:220,45,1,3
BRDA:222,46,0,1
BRDA:222,46,1,0
BRF:84
BRH:39
end_of_record
TN:
SF:src/linked-list/node.ts
FN:4,(anonymous_2)
FN:8,(anonymous_3)
FN:11,(anonymous_4)
FN:14,(anonymous_5)
FNF:4
FNH:4
FNDA:7,(anonymous_2)
FNDA:17,(anonymous_3)
FNDA:43,(anonymous_4)
FNDA:10,(anonymous_5)
DA:1,1
DA:2,7
DA:3,7
DA:5,7
DA:6,7
DA:9,17
DA:12,43
DA:15,10
LF:8
LH:8
BRF:0
BRH:0
end_of_record
